<?xml version="1.0" encoding="UTF-8"?>
<!-- Generated by org.testng.reporters.JUnitXMLReporter -->
<testsuite ignored="1" hostname="Kalyani-S-L" failures="0" tests="2" name="Submit Order Test" time="42.689" errors="0" timestamp="2025-06-07T17:00:01 IST">
  <testcase classname="RSAcademy.Tests.SubmitOrderTest" name="SubmitOrder" time="17.661"/>
  <testcase classname="RSAcademy.Tests.SubmitOrderTest" name="SubmitOrder" time="17.682"/>
  <testcase classname="RSAcademy.Tests.SubmitOrderTest" name="orderHistoryTest" time="0.0">
    <ignored/>
  </testcase> <!-- orderHistoryTest -->
</testsuite> <!-- Submit Order Test -->
